0 info it worked if it ends with ok
1 verbose cli [ 'C:\\Program Files\\nodejs\\node.exe',
1 verbose cli   'C:\\Program Files\\nodejs\\node_modules\\npm\\bin\\npm-cli.js',
1 verbose cli   'install',
1 verbose cli   'bcrypt' ]
2 info using npm@2.15.1
3 info using node@v4.4.4
4 verbose install initial load of C:\project\elearn\package.json
5 verbose installManyTop reading scoped package data from C:\project\elearn\node_modules\async\package.json
6 verbose installManyTop reading scoped package data from C:\project\elearn\node_modules\bcryptjs\package.json
7 verbose installManyTop reading scoped package data from C:\project\elearn\node_modules\body-parser\package.json
8 verbose installManyTop reading scoped package data from C:\project\elearn\node_modules\connect-flash\package.json
9 verbose installManyTop reading scoped package data from C:\project\elearn\node_modules\cookie-parser\package.json
10 verbose installManyTop reading scoped package data from C:\project\elearn\node_modules\debug\package.json
11 verbose installManyTop reading scoped package data from C:\project\elearn\node_modules\express\package.json
12 verbose installManyTop reading scoped package data from C:\project\elearn\node_modules\express-handlebars\package.json
13 verbose installManyTop reading scoped package data from C:\project\elearn\node_modules\express-messages\package.json
14 verbose installManyTop reading scoped package data from C:\project\elearn\node_modules\express-session\package.json
15 verbose installManyTop reading scoped package data from C:\project\elearn\node_modules\express-validator\package.json
16 verbose installManyTop reading scoped package data from C:\project\elearn\node_modules\jade\package.json
17 verbose installManyTop reading scoped package data from C:\project\elearn\node_modules\mongodb\package.json
18 verbose installManyTop reading scoped package data from C:\project\elearn\node_modules\mongoose\package.json
19 verbose installManyTop reading scoped package data from C:\project\elearn\node_modules\morgan\package.json
20 verbose installManyTop reading scoped package data from C:\project\elearn\node_modules\nodemon\package.json
21 verbose installManyTop reading scoped package data from C:\project\elearn\node_modules\passport\package.json
22 verbose installManyTop reading scoped package data from C:\project\elearn\node_modules\passport-http\package.json
23 verbose installManyTop reading scoped package data from C:\project\elearn\node_modules\passport-local\package.json
24 verbose installManyTop reading scoped package data from C:\project\elearn\node_modules\serve-favicon\package.json
25 info package.json connect-flash@0.1.1 No license field.
26 info package.json express-messages@1.0.1 No license field.
27 info package.json passport-http@0.3.0 No license field.
28 info package.json passport-local@1.0.0 No license field.
29 verbose readDependencies loading dependencies from C:\project\elearn\package.json
30 silly cache add args [ 'bcrypt', null ]
31 verbose cache add spec bcrypt
32 silly cache add parsed spec Result {
32 silly cache add   raw: 'bcrypt',
32 silly cache add   scope: null,
32 silly cache add   name: 'bcrypt',
32 silly cache add   rawSpec: '',
32 silly cache add   spec: 'latest',
32 silly cache add   type: 'tag' }
33 silly addNamed bcrypt@latest
34 verbose addNamed "latest" is being treated as a dist-tag for bcrypt
35 info addNameTag [ 'bcrypt', 'latest' ]
36 silly mapToRegistry name bcrypt
37 silly mapToRegistry using default registry
38 silly mapToRegistry registry https://registry.npmjs.org/
39 silly mapToRegistry data Result {
39 silly mapToRegistry   raw: 'bcrypt',
39 silly mapToRegistry   scope: null,
39 silly mapToRegistry   name: 'bcrypt',
39 silly mapToRegistry   rawSpec: '',
39 silly mapToRegistry   spec: 'latest',
39 silly mapToRegistry   type: 'tag' }
40 silly mapToRegistry uri https://registry.npmjs.org/bcrypt
41 verbose addNameTag registry:https://registry.npmjs.org/bcrypt not in flight; fetching
42 verbose request uri https://registry.npmjs.org/bcrypt
43 verbose request no auth needed
44 info attempt registry request try #1 at 2:47:44 PM
45 verbose request id 51cc3f808f96db94
46 http request GET https://registry.npmjs.org/bcrypt
47 http 200 https://registry.npmjs.org/bcrypt
48 verbose headers { server: 'CouchDB/1.5.0 (Erlang OTP/R16B03)',
48 verbose headers   etag: '"OTDISP0SPTDYZKMJ146EC4FI"',
48 verbose headers   'content-type': 'application/json',
48 verbose headers   'content-encoding': 'gzip',
48 verbose headers   'cache-control': 'max-age=300',
48 verbose headers   'content-length': '11707',
48 verbose headers   'accept-ranges': 'bytes',
48 verbose headers   date: 'Fri, 10 Jun 2016 09:17:50 GMT',
48 verbose headers   via: '1.1 varnish',
48 verbose headers   age: '0',
48 verbose headers   connection: 'keep-alive',
48 verbose headers   'x-served-by': 'cache-sin6920-SIN',
48 verbose headers   'x-cache': 'HIT',
48 verbose headers   'x-cache-hits': '1',
48 verbose headers   'x-timer': 'S1465550270.118614,VS0,VE218',
48 verbose headers   vary: 'Accept-Encoding' }
49 silly get cb [ 200,
49 silly get   { server: 'CouchDB/1.5.0 (Erlang OTP/R16B03)',
49 silly get     etag: '"OTDISP0SPTDYZKMJ146EC4FI"',
49 silly get     'content-type': 'application/json',
49 silly get     'content-encoding': 'gzip',
49 silly get     'cache-control': 'max-age=300',
49 silly get     'content-length': '11707',
49 silly get     'accept-ranges': 'bytes',
49 silly get     date: 'Fri, 10 Jun 2016 09:17:50 GMT',
49 silly get     via: '1.1 varnish',
49 silly get     age: '0',
49 silly get     connection: 'keep-alive',
49 silly get     'x-served-by': 'cache-sin6920-SIN',
49 silly get     'x-cache': 'HIT',
49 silly get     'x-cache-hits': '1',
49 silly get     'x-timer': 'S1465550270.118614,VS0,VE218',
49 silly get     vary: 'Accept-Encoding' } ]
50 verbose get saving bcrypt to C:\Users\shashank\AppData\Roaming\npm-cache\registry.npmjs.org\bcrypt\.cache.json
51 verbose correctMkdir C:\Users\shashank\AppData\Roaming\npm-cache correctMkdir not in flight; initializing
52 silly addNameTag next cb for bcrypt with tag latest
53 silly addNamed bcrypt@0.8.7
54 verbose addNamed "0.8.7" is a plain semver version for bcrypt
55 silly mapToRegistry name bcrypt
56 silly mapToRegistry using default registry
57 silly mapToRegistry registry https://registry.npmjs.org/
58 silly mapToRegistry data Result {
58 silly mapToRegistry   raw: 'bcrypt',
58 silly mapToRegistry   scope: null,
58 silly mapToRegistry   name: 'bcrypt',
58 silly mapToRegistry   rawSpec: '',
58 silly mapToRegistry   spec: 'latest',
58 silly mapToRegistry   type: 'tag' }
59 silly mapToRegistry uri https://registry.npmjs.org/bcrypt
60 verbose addRemoteTarball https://registry.npmjs.org/bcrypt/-/bcrypt-0.8.7.tgz not in flight; adding
61 verbose addRemoteTarball [ 'https://registry.npmjs.org/bcrypt/-/bcrypt-0.8.7.tgz',
61 verbose addRemoteTarball   'bc3875a9afd0a7b2cd231a6a7f218a5ce156b093' ]
62 info retry fetch attempt 1 at 2:47:45 PM
63 info attempt registry request try #1 at 2:47:45 PM
64 http fetch GET https://registry.npmjs.org/bcrypt/-/bcrypt-0.8.7.tgz
65 http fetch 200 https://registry.npmjs.org/bcrypt/-/bcrypt-0.8.7.tgz
66 silly fetchAndShaCheck shasum bc3875a9afd0a7b2cd231a6a7f218a5ce156b093
67 verbose addTmpTarball C:\Users\shashank\AppData\Local\Temp\npm-5780-465cc95c\registry.npmjs.org\bcrypt\-\bcrypt-0.8.7.tgz not in flight; adding
68 verbose addTmpTarball already have metadata; skipping unpack for bcrypt@0.8.7
69 verbose correctMkdir C:\Users\shashank\AppData\Roaming\npm-cache correctMkdir not in flight; initializing
70 silly cache afterAdd bcrypt@0.8.7
71 verbose afterAdd C:\Users\shashank\AppData\Roaming\npm-cache\bcrypt\0.8.7\package\package.json not in flight; writing
72 verbose correctMkdir C:\Users\shashank\AppData\Roaming\npm-cache correctMkdir not in flight; initializing
73 verbose afterAdd C:\Users\shashank\AppData\Roaming\npm-cache\bcrypt\0.8.7\package\package.json written
74 silly install resolved [ { name: 'bcrypt',
74 silly install resolved     description: 'A bcrypt library for NodeJS.',
74 silly install resolved     keywords:
74 silly install resolved      [ 'bcrypt',
74 silly install resolved        'password',
74 silly install resolved        'auth',
74 silly install resolved        'authentication',
74 silly install resolved        'encryption',
74 silly install resolved        'crypt',
74 silly install resolved        'crypto' ],
74 silly install resolved     main: './bcrypt',
74 silly install resolved     version: '0.8.7',
74 silly install resolved     author: { name: 'Nick Campbell', url: 'https://github.com/ncb000gt' },
74 silly install resolved     engines: { node: '>= 0.6.0' },
74 silly install resolved     repository:
74 silly install resolved      { type: 'git',
74 silly install resolved        url: 'git+https://github.com/ncb000gt/node.bcrypt.js.git' },
74 silly install resolved     license: 'MIT',
74 silly install resolved     bugs: { url: 'https://github.com/ncb000gt/node.bcrypt.js/issues' },
74 silly install resolved     scripts:
74 silly install resolved      { test: 'node-gyp configure build && nodeunit test',
74 silly install resolved        install: 'node-gyp rebuild' },
74 silly install resolved     dependencies: { bindings: '1.2.1', nan: '2.3.5' },
74 silly install resolved     devDependencies: { nodeunit: '~0.9.1' },
74 silly install resolved     contributors:
74 silly install resolved      [ [Object],
74 silly install resolved        [Object],
74 silly install resolved        [Object],
74 silly install resolved        [Object],
74 silly install resolved        [Object],
74 silly install resolved        [Object],
74 silly install resolved        [Object],
74 silly install resolved        [Object],
74 silly install resolved        [Object],
74 silly install resolved        [Object],
74 silly install resolved        [Object],
74 silly install resolved        [Object],
74 silly install resolved        [Object],
74 silly install resolved        [Object] ],
74 silly install resolved     gypfile: true,
74 silly install resolved     gitHead: '0dc9b78dab6980d129b77d1df723aa44daa7deb4',
74 silly install resolved     homepage: 'https://github.com/ncb000gt/node.bcrypt.js#readme',
74 silly install resolved     _id: 'bcrypt@0.8.7',
74 silly install resolved     _shasum: 'bc3875a9afd0a7b2cd231a6a7f218a5ce156b093',
74 silly install resolved     _from: 'bcrypt@latest',
74 silly install resolved     _npmVersion: '3.8.9',
74 silly install resolved     _nodeVersion: '6.2.0',
74 silly install resolved     _npmUser: { name: 'defunctzombie', email: 'shtylman@gmail.com' },
74 silly install resolved     dist:
74 silly install resolved      { shasum: 'bc3875a9afd0a7b2cd231a6a7f218a5ce156b093',
74 silly install resolved        tarball: 'https://registry.npmjs.org/bcrypt/-/bcrypt-0.8.7.tgz' },
74 silly install resolved     maintainers: [ [Object], [Object], [Object], [Object] ],
74 silly install resolved     _npmOperationalInternal:
74 silly install resolved      { host: 'packages-12-west.internal.npmjs.com',
74 silly install resolved        tmp: 'tmp/bcrypt-0.8.7.tgz_1465526713712_0.05265477881766856' },
74 silly install resolved     directories: {},
74 silly install resolved     _resolved: 'https://registry.npmjs.org/bcrypt/-/bcrypt-0.8.7.tgz' } ]
75 info install bcrypt@0.8.7 into C:\project\elearn
76 info installOne bcrypt@0.8.7
77 verbose installOne of bcrypt to C:\project\elearn not in flight; installing
78 verbose correctMkdir C:\Users\shashank\AppData\Roaming\npm-cache\_locks correctMkdir not in flight; initializing
79 verbose lock using C:\Users\shashank\AppData\Roaming\npm-cache\_locks\bcrypt-1c0ca19347b45c4a.lock for C:\project\elearn\node_modules\bcrypt
80 silly install write writing bcrypt 0.8.7 to C:\project\elearn\node_modules\bcrypt
81 verbose unbuild node_modules\bcrypt
82 silly gentlyRm C:\project\elearn\node_modules\bcrypt is being purged from base C:\project\elearn
83 verbose gentlyRm don't care about contents; nuking C:\project\elearn\node_modules\bcrypt
84 verbose tar unpack C:\Users\shashank\AppData\Roaming\npm-cache\bcrypt\0.8.7\package.tgz
85 verbose tar unpacking to C:\project\elearn\node_modules\bcrypt
86 silly gentlyRm C:\project\elearn\node_modules\bcrypt is being purged
87 verbose gentlyRm don't care about contents; nuking C:\project\elearn\node_modules\bcrypt
88 silly gunzTarPerm modes [ '777', '666' ]
89 silly gunzTarPerm extractEntry package.json
90 silly gunzTarPerm modified mode [ 'package.json', 420, 438 ]
91 silly gunzTarPerm extractEntry .npmignore
92 silly gunzTarPerm modified mode [ '.npmignore', 420, 438 ]
93 silly gunzTarPerm extractEntry README.md
94 silly gunzTarPerm modified mode [ 'README.md', 420, 438 ]
95 silly gunzTarPerm extractEntry LICENSE
96 silly gunzTarPerm modified mode [ 'LICENSE', 420, 438 ]
97 silly gunzTarPerm extractEntry bcrypt.js
98 silly gunzTarPerm modified mode [ 'bcrypt.js', 420, 438 ]
99 silly gunzTarPerm extractEntry Makefile
100 silly gunzTarPerm modified mode [ 'Makefile', 420, 438 ]
101 silly gunzTarPerm extractEntry .travis.yml
102 silly gunzTarPerm modified mode [ '.travis.yml', 420, 438 ]
103 silly gunzTarPerm extractEntry CHANGELOG.md
104 silly gunzTarPerm modified mode [ 'CHANGELOG.md', 420, 438 ]
105 silly gunzTarPerm extractEntry binding.gyp
106 silly gunzTarPerm modified mode [ 'binding.gyp', 420, 438 ]
107 silly gunzTarPerm extractEntry examples/async_compare.js
108 silly gunzTarPerm modified mode [ 'examples/async_compare.js', 420, 438 ]
109 silly gunzTarPerm extractEntry examples/forever_gen_salt.js
110 silly gunzTarPerm modified mode [ 'examples/forever_gen_salt.js', 420, 438 ]
111 silly gunzTarPerm extractEntry test/async.js
112 silly gunzTarPerm modified mode [ 'test/async.js', 420, 438 ]
113 silly gunzTarPerm extractEntry test/repetitions.js
114 silly gunzTarPerm modified mode [ 'test/repetitions.js', 420, 438 ]
115 silly gunzTarPerm extractEntry test/sync.js
116 silly gunzTarPerm modified mode [ 'test/sync.js', 420, 438 ]
117 silly gunzTarPerm extractEntry ISSUE_TEMPLATE.md
118 silly gunzTarPerm modified mode [ 'ISSUE_TEMPLATE.md', 420, 438 ]
119 silly gunzTarPerm extractEntry src/bcrypt.cc
120 silly gunzTarPerm modified mode [ 'src/bcrypt.cc', 420, 438 ]
121 silly gunzTarPerm extractEntry src/bcrypt_node.cc
122 silly gunzTarPerm modified mode [ 'src/bcrypt_node.cc', 420, 438 ]
123 silly gunzTarPerm extractEntry src/blowfish.cc
124 silly gunzTarPerm modified mode [ 'src/blowfish.cc', 420, 438 ]
125 silly gunzTarPerm extractEntry src/node_blf.h
126 silly gunzTarPerm modified mode [ 'src/node_blf.h', 420, 438 ]
127 silly gunzTarPerm extractEntry werker.yml
128 silly gunzTarPerm modified mode [ 'werker.yml', 420, 438 ]
129 verbose write writing to C:\project\elearn\node_modules\bcrypt\package.json
130 info preinstall bcrypt@0.8.7
131 verbose readDependencies loading dependencies from C:\project\elearn\node_modules\bcrypt\package.json
132 silly prepareForInstallMany adding bindings@1.2.1 from bcrypt dependencies
133 silly prepareForInstallMany adding nan@2.3.5 from bcrypt dependencies
134 verbose readDependencies loading dependencies from C:\project\elearn\node_modules\bcrypt\package.json
135 silly cache add args [ 'bindings@1.2.1', null ]
136 verbose cache add spec bindings@1.2.1
137 silly cache add args [ 'nan@2.3.5', null ]
138 verbose cache add spec nan@2.3.5
139 silly cache add parsed spec Result {
139 silly cache add   raw: 'bindings@1.2.1',
139 silly cache add   scope: null,
139 silly cache add   name: 'bindings',
139 silly cache add   rawSpec: '1.2.1',
139 silly cache add   spec: '1.2.1',
139 silly cache add   type: 'version' }
140 silly addNamed bindings@1.2.1
141 verbose addNamed "1.2.1" is a plain semver version for bindings
142 silly mapToRegistry name bindings
143 silly mapToRegistry using default registry
144 silly mapToRegistry registry https://registry.npmjs.org/
145 silly mapToRegistry data Result {
145 silly mapToRegistry   raw: 'bindings',
145 silly mapToRegistry   scope: null,
145 silly mapToRegistry   name: 'bindings',
145 silly mapToRegistry   rawSpec: '',
145 silly mapToRegistry   spec: 'latest',
145 silly mapToRegistry   type: 'tag' }
146 silly mapToRegistry uri https://registry.npmjs.org/bindings
147 verbose addNameVersion registry:https://registry.npmjs.org/bindings not in flight; fetching
148 silly cache add parsed spec Result {
148 silly cache add   raw: 'nan@2.3.5',
148 silly cache add   scope: null,
148 silly cache add   name: 'nan',
148 silly cache add   rawSpec: '2.3.5',
148 silly cache add   spec: '2.3.5',
148 silly cache add   type: 'version' }
149 silly addNamed nan@2.3.5
150 verbose addNamed "2.3.5" is a plain semver version for nan
151 silly mapToRegistry name nan
152 silly mapToRegistry using default registry
153 silly mapToRegistry registry https://registry.npmjs.org/
154 silly mapToRegistry data Result {
154 silly mapToRegistry   raw: 'nan',
154 silly mapToRegistry   scope: null,
154 silly mapToRegistry   name: 'nan',
154 silly mapToRegistry   rawSpec: '',
154 silly mapToRegistry   spec: 'latest',
154 silly mapToRegistry   type: 'tag' }
155 silly mapToRegistry uri https://registry.npmjs.org/nan
156 verbose addNameVersion registry:https://registry.npmjs.org/nan not in flight; fetching
157 verbose request uri https://registry.npmjs.org/bindings
158 verbose request no auth needed
159 info attempt registry request try #1 at 2:47:45 PM
160 http request GET https://registry.npmjs.org/bindings
161 verbose request uri https://registry.npmjs.org/nan
162 verbose request no auth needed
163 info attempt registry request try #1 at 2:47:45 PM
164 http request GET https://registry.npmjs.org/nan
165 http 200 https://registry.npmjs.org/bindings
166 verbose headers { server: 'CouchDB/1.5.0 (Erlang OTP/R16B03)',
166 verbose headers   etag: '"33TX4J3DNTGF7K41ZUV6OA182"',
166 verbose headers   'content-type': 'application/json',
166 verbose headers   'content-encoding': 'gzip',
166 verbose headers   'cache-control': 'max-age=300',
166 verbose headers   'content-length': '3804',
166 verbose headers   'accept-ranges': 'bytes',
166 verbose headers   date: 'Fri, 10 Jun 2016 09:17:51 GMT',
166 verbose headers   via: '1.1 varnish',
166 verbose headers   age: '170',
166 verbose headers   connection: 'keep-alive',
166 verbose headers   'x-served-by': 'cache-sin6920-SIN',
166 verbose headers   'x-cache': 'HIT',
166 verbose headers   'x-cache-hits': '4',
166 verbose headers   'x-timer': 'S1465550271.001712,VS0,VE0',
166 verbose headers   vary: 'Accept-Encoding' }
167 silly get cb [ 200,
167 silly get   { server: 'CouchDB/1.5.0 (Erlang OTP/R16B03)',
167 silly get     etag: '"33TX4J3DNTGF7K41ZUV6OA182"',
167 silly get     'content-type': 'application/json',
167 silly get     'content-encoding': 'gzip',
167 silly get     'cache-control': 'max-age=300',
167 silly get     'content-length': '3804',
167 silly get     'accept-ranges': 'bytes',
167 silly get     date: 'Fri, 10 Jun 2016 09:17:51 GMT',
167 silly get     via: '1.1 varnish',
167 silly get     age: '170',
167 silly get     connection: 'keep-alive',
167 silly get     'x-served-by': 'cache-sin6920-SIN',
167 silly get     'x-cache': 'HIT',
167 silly get     'x-cache-hits': '4',
167 silly get     'x-timer': 'S1465550271.001712,VS0,VE0',
167 silly get     vary: 'Accept-Encoding' } ]
168 verbose get saving bindings to C:\Users\shashank\AppData\Roaming\npm-cache\registry.npmjs.org\bindings\.cache.json
169 verbose correctMkdir C:\Users\shashank\AppData\Roaming\npm-cache correctMkdir not in flight; initializing
170 silly mapToRegistry name bindings
171 silly mapToRegistry using default registry
172 silly mapToRegistry registry https://registry.npmjs.org/
173 silly mapToRegistry data Result {
173 silly mapToRegistry   raw: 'bindings',
173 silly mapToRegistry   scope: null,
173 silly mapToRegistry   name: 'bindings',
173 silly mapToRegistry   rawSpec: '',
173 silly mapToRegistry   spec: 'latest',
173 silly mapToRegistry   type: 'tag' }
174 silly mapToRegistry uri https://registry.npmjs.org/bindings
175 verbose addRemoteTarball https://registry.npmjs.org/bindings/-/bindings-1.2.1.tgz not in flight; adding
176 verbose addRemoteTarball [ 'https://registry.npmjs.org/bindings/-/bindings-1.2.1.tgz',
176 verbose addRemoteTarball   '14ad6113812d2d37d72e67b4cacb4bb726505f11' ]
177 info retry fetch attempt 1 at 2:47:45 PM
178 info attempt registry request try #1 at 2:47:45 PM
179 http fetch GET https://registry.npmjs.org/bindings/-/bindings-1.2.1.tgz
180 http fetch 200 https://registry.npmjs.org/bindings/-/bindings-1.2.1.tgz
181 silly fetchAndShaCheck shasum 14ad6113812d2d37d72e67b4cacb4bb726505f11
182 verbose addTmpTarball C:\Users\shashank\AppData\Local\Temp\npm-5780-465cc95c\registry.npmjs.org\bindings\-\bindings-1.2.1.tgz not in flight; adding
183 verbose addTmpTarball already have metadata; skipping unpack for bindings@1.2.1
184 verbose correctMkdir C:\Users\shashank\AppData\Roaming\npm-cache correctMkdir not in flight; initializing
185 silly cache afterAdd bindings@1.2.1
186 verbose afterAdd C:\Users\shashank\AppData\Roaming\npm-cache\bindings\1.2.1\package\package.json not in flight; writing
187 verbose correctMkdir C:\Users\shashank\AppData\Roaming\npm-cache correctMkdir not in flight; initializing
188 verbose afterAdd C:\Users\shashank\AppData\Roaming\npm-cache\bindings\1.2.1\package\package.json written
189 http 200 https://registry.npmjs.org/nan
190 verbose headers { server: 'CouchDB/1.5.0 (Erlang OTP/R16B03)',
190 verbose headers   etag: '"12RFHNMU7CS3WJ1892HQLM0NB"',
190 verbose headers   'content-type': 'application/json',
190 verbose headers   'content-encoding': 'gzip',
190 verbose headers   'cache-control': 'max-age=300',
190 verbose headers   'content-length': '16977',
190 verbose headers   'accept-ranges': 'bytes',
190 verbose headers   date: 'Fri, 10 Jun 2016 09:17:51 GMT',
190 verbose headers   via: '1.1 varnish',
190 verbose headers   age: '284',
190 verbose headers   connection: 'keep-alive',
190 verbose headers   'x-served-by': 'cache-sin6927-SIN',
190 verbose headers   'x-cache': 'HIT',
190 verbose headers   'x-cache-hits': '12',
190 verbose headers   'x-timer': 'S1465550271.267298,VS0,VE0',
190 verbose headers   vary: 'Accept-Encoding' }
191 silly get cb [ 200,
191 silly get   { server: 'CouchDB/1.5.0 (Erlang OTP/R16B03)',
191 silly get     etag: '"12RFHNMU7CS3WJ1892HQLM0NB"',
191 silly get     'content-type': 'application/json',
191 silly get     'content-encoding': 'gzip',
191 silly get     'cache-control': 'max-age=300',
191 silly get     'content-length': '16977',
191 silly get     'accept-ranges': 'bytes',
191 silly get     date: 'Fri, 10 Jun 2016 09:17:51 GMT',
191 silly get     via: '1.1 varnish',
191 silly get     age: '284',
191 silly get     connection: 'keep-alive',
191 silly get     'x-served-by': 'cache-sin6927-SIN',
191 silly get     'x-cache': 'HIT',
191 silly get     'x-cache-hits': '12',
191 silly get     'x-timer': 'S1465550271.267298,VS0,VE0',
191 silly get     vary: 'Accept-Encoding' } ]
192 verbose get saving nan to C:\Users\shashank\AppData\Roaming\npm-cache\registry.npmjs.org\nan\.cache.json
193 verbose correctMkdir C:\Users\shashank\AppData\Roaming\npm-cache correctMkdir not in flight; initializing
194 silly mapToRegistry name nan
195 silly mapToRegistry using default registry
196 silly mapToRegistry registry https://registry.npmjs.org/
197 silly mapToRegistry data Result {
197 silly mapToRegistry   raw: 'nan',
197 silly mapToRegistry   scope: null,
197 silly mapToRegistry   name: 'nan',
197 silly mapToRegistry   rawSpec: '',
197 silly mapToRegistry   spec: 'latest',
197 silly mapToRegistry   type: 'tag' }
198 silly mapToRegistry uri https://registry.npmjs.org/nan
199 verbose addRemoteTarball https://registry.npmjs.org/nan/-/nan-2.3.5.tgz not in flight; adding
200 verbose addRemoteTarball [ 'https://registry.npmjs.org/nan/-/nan-2.3.5.tgz',
200 verbose addRemoteTarball   '822a0dc266290ce4cd3a12282ca3e7e364668a08' ]
201 info retry fetch attempt 1 at 2:47:46 PM
202 info attempt registry request try #1 at 2:47:46 PM
203 http fetch GET https://registry.npmjs.org/nan/-/nan-2.3.5.tgz
204 http fetch 200 https://registry.npmjs.org/nan/-/nan-2.3.5.tgz
205 silly fetchAndShaCheck shasum 822a0dc266290ce4cd3a12282ca3e7e364668a08
206 verbose addTmpTarball C:\Users\shashank\AppData\Local\Temp\npm-5780-465cc95c\registry.npmjs.org\nan\-\nan-2.3.5.tgz not in flight; adding
207 verbose addTmpTarball already have metadata; skipping unpack for nan@2.3.5
208 verbose correctMkdir C:\Users\shashank\AppData\Roaming\npm-cache correctMkdir not in flight; initializing
209 silly cache afterAdd nan@2.3.5
210 verbose afterAdd C:\Users\shashank\AppData\Roaming\npm-cache\nan\2.3.5\package\package.json not in flight; writing
211 verbose correctMkdir C:\Users\shashank\AppData\Roaming\npm-cache correctMkdir not in flight; initializing
212 verbose afterAdd C:\Users\shashank\AppData\Roaming\npm-cache\nan\2.3.5\package\package.json written
213 silly install resolved [ { name: 'bindings',
213 silly install resolved     description: 'Helper module for loading your native module\'s .node file',
213 silly install resolved     keywords: [ 'native', 'addon', 'bindings', 'gyp', 'waf', 'c', 'c++' ],
213 silly install resolved     version: '1.2.1',
213 silly install resolved     author:
213 silly install resolved      { name: 'Nathan Rajlich',
213 silly install resolved        email: 'nathan@tootallnate.net',
213 silly install resolved        url: 'http://tootallnate.net' },
213 silly install resolved     repository:
213 silly install resolved      { type: 'git',
213 silly install resolved        url: 'git://github.com/TooTallNate/node-bindings.git' },
213 silly install resolved     main: './bindings.js',
213 silly install resolved     bugs: { url: 'https://github.com/TooTallNate/node-bindings/issues' },
213 silly install resolved     homepage: 'https://github.com/TooTallNate/node-bindings',
213 silly install resolved     license: 'MIT',
213 silly install resolved     gitHead: 'e404152ee27f8478ccbc7122ee051246e8e5ec02',
213 silly install resolved     _id: 'bindings@1.2.1',
213 silly install resolved     scripts: {},
213 silly install resolved     _shasum: '14ad6113812d2d37d72e67b4cacb4bb726505f11',
213 silly install resolved     _from: 'bindings@1.2.1',
213 silly install resolved     _npmVersion: '1.4.14',
213 silly install resolved     _npmUser: { name: 'tootallnate', email: 'nathan@tootallnate.net' },
213 silly install resolved     maintainers: [ [Object], [Object] ],
213 silly install resolved     dist:
213 silly install resolved      { shasum: '14ad6113812d2d37d72e67b4cacb4bb726505f11',
213 silly install resolved        tarball: 'https://registry.npmjs.org/bindings/-/bindings-1.2.1.tgz' },
213 silly install resolved     directories: {},
213 silly install resolved     _resolved: 'https://registry.npmjs.org/bindings/-/bindings-1.2.1.tgz' },
213 silly install resolved   { name: 'nan',
213 silly install resolved     version: '2.3.5',
213 silly install resolved     description: 'Native Abstractions for Node.js: C++ header for Node 0.8 -> 6 compatibility',
213 silly install resolved     main: 'include_dirs.js',
213 silly install resolved     repository: { type: 'git', url: 'git://github.com/nodejs/nan.git' },
213 silly install resolved     scripts:
213 silly install resolved      { test: 'tap --gc --stderr test/js/*-test.js',
213 silly install resolved        'rebuild-tests': 'node-gyp rebuild --msvs_version=2013 --directory test',
213 silly install resolved        docs: 'doc/.build.sh' },
213 silly install resolved     contributors:
213 silly install resolved      [ [Object],
213 silly install resolved        [Object],
213 silly install resolved        [Object],
213 silly install resolved        [Object],
213 silly install resolved        [Object],
213 silly install resolved        [Object],
213 silly install resolved        [Object] ],
213 silly install resolved     devDependencies:
213 silly install resolved      { bindings: '~1.2.1',
213 silly install resolved        commander: '^2.8.1',
213 silly install resolved        glob: '^5.0.14',
213 silly install resolved        'node-gyp': '~3.0.1',
213 silly install resolved        tap: '~0.7.1',
213 silly install resolved        xtend: '~4.0.0' },
213 silly install resolved     license: 'MIT',
213 silly install resolved     bugs: { url: 'https://github.com/nodejs/nan/issues' },
213 silly install resolved     homepage: 'https://github.com/nodejs/nan#readme',
213 silly install resolved     _id: 'nan@2.3.5',
213 silly install resolved     _shasum: '822a0dc266290ce4cd3a12282ca3e7e364668a08',
213 silly install resolved     _resolved: 'https://registry.npmjs.org/nan/-/nan-2.3.5.tgz',
213 silly install resolved     _from: 'nan@2.3.5',
213 silly install resolved     _npmVersion: '3.3.6',
213 silly install resolved     _nodeVersion: '5.0.0',
213 silly install resolved     _npmUser: { name: 'kkoopa', email: 'bbyholm@abo.fi' },
213 silly install resolved     dist:
213 silly install resolved      { shasum: '822a0dc266290ce4cd3a12282ca3e7e364668a08',
213 silly install resolved        tarball: 'https://registry.npmjs.org/nan/-/nan-2.3.5.tgz' },
213 silly install resolved     maintainers: [ [Object], [Object] ],
213 silly install resolved     _npmOperationalInternal:
213 silly install resolved      { host: 'packages-12-west.internal.npmjs.com',
213 silly install resolved        tmp: 'tmp/nan-2.3.5.tgz_1464707164994_0.4295874561648816' },
213 silly install resolved     directories: {} } ]
214 info install bindings@1.2.1 into C:\project\elearn\node_modules\bcrypt
215 info install nan@2.3.5 into C:\project\elearn\node_modules\bcrypt
216 info installOne bindings@1.2.1
217 verbose installOne of bindings to C:\project\elearn\node_modules\bcrypt not in flight; installing
218 verbose correctMkdir C:\Users\shashank\AppData\Roaming\npm-cache\_locks correctMkdir not in flight; initializing
219 info installOne nan@2.3.5
220 verbose installOne of nan to C:\project\elearn\node_modules\bcrypt not in flight; installing
221 verbose correctMkdir C:\Users\shashank\AppData\Roaming\npm-cache\_locks correctMkdir not in flight; initializing
222 verbose lock using C:\Users\shashank\AppData\Roaming\npm-cache\_locks\bindings-0441e587a5479736.lock for C:\project\elearn\node_modules\bcrypt\node_modules\bindings
223 verbose lock using C:\Users\shashank\AppData\Roaming\npm-cache\_locks\nan-1e0967118d31eb94.lock for C:\project\elearn\node_modules\bcrypt\node_modules\nan
224 silly install write writing bindings 1.2.1 to C:\project\elearn\node_modules\bcrypt\node_modules\bindings
225 silly install write writing nan 2.3.5 to C:\project\elearn\node_modules\bcrypt\node_modules\nan
226 verbose unbuild node_modules\bcrypt\node_modules\bindings
227 verbose unbuild node_modules\bcrypt\node_modules\nan
228 silly gentlyRm C:\project\elearn\node_modules\bcrypt\node_modules\bindings is being purged from base C:\project\elearn
229 verbose gentlyRm don't care about contents; nuking C:\project\elearn\node_modules\bcrypt\node_modules\bindings
230 verbose tar unpack C:\Users\shashank\AppData\Roaming\npm-cache\bindings\1.2.1\package.tgz
231 verbose tar unpacking to C:\project\elearn\node_modules\bcrypt\node_modules\bindings
232 silly gentlyRm C:\project\elearn\node_modules\bcrypt\node_modules\bindings is being purged
233 verbose gentlyRm don't care about contents; nuking C:\project\elearn\node_modules\bcrypt\node_modules\bindings
234 silly gentlyRm C:\project\elearn\node_modules\bcrypt\node_modules\nan is being purged from base C:\project\elearn
235 verbose gentlyRm don't care about contents; nuking C:\project\elearn\node_modules\bcrypt\node_modules\nan
236 silly gunzTarPerm modes [ '777', '666' ]
237 verbose tar unpack C:\Users\shashank\AppData\Roaming\npm-cache\nan\2.3.5\package.tgz
238 verbose tar unpacking to C:\project\elearn\node_modules\bcrypt\node_modules\nan
239 silly gentlyRm C:\project\elearn\node_modules\bcrypt\node_modules\nan is being purged
240 verbose gentlyRm don't care about contents; nuking C:\project\elearn\node_modules\bcrypt\node_modules\nan
241 silly gunzTarPerm modes [ '777', '666' ]
242 silly gunzTarPerm extractEntry package.json
243 silly gunzTarPerm modified mode [ 'package.json', 420, 438 ]
244 silly gunzTarPerm extractEntry package.json
245 silly gunzTarPerm modified mode [ 'package.json', 436, 438 ]
246 silly gunzTarPerm extractEntry README.md
247 silly gunzTarPerm modified mode [ 'README.md', 420, 438 ]
248 silly gunzTarPerm extractEntry bindings.js
249 silly gunzTarPerm modified mode [ 'bindings.js', 420, 438 ]
250 silly gunzTarPerm extractEntry README.md
251 silly gunzTarPerm modified mode [ 'README.md', 436, 438 ]
252 silly gunzTarPerm extractEntry include_dirs.js
253 silly gunzTarPerm modified mode [ 'include_dirs.js', 436, 438 ]
254 silly gunzTarPerm extractEntry nan_converters.h
255 silly gunzTarPerm modified mode [ 'nan_converters.h', 436, 438 ]
256 silly gunzTarPerm extractEntry LICENSE.md
257 silly gunzTarPerm modified mode [ 'LICENSE.md', 436, 438 ]
258 silly gunzTarPerm extractEntry doc/node_misc.md
259 silly gunzTarPerm modified mode [ 'doc/node_misc.md', 436, 438 ]
260 silly gunzTarPerm extractEntry doc/asyncworker.md
261 silly gunzTarPerm modified mode [ 'doc/asyncworker.md', 436, 438 ]
262 silly gunzTarPerm extractEntry doc/callback.md
263 silly gunzTarPerm modified mode [ 'doc/callback.md', 436, 438 ]
264 silly gunzTarPerm extractEntry doc/converters.md
265 silly gunzTarPerm modified mode [ 'doc/converters.md', 436, 438 ]
266 silly gunzTarPerm extractEntry doc/errors.md
267 silly gunzTarPerm modified mode [ 'doc/errors.md', 436, 438 ]
268 silly gunzTarPerm extractEntry doc/maybe_types.md
269 silly gunzTarPerm modified mode [ 'doc/maybe_types.md', 436, 438 ]
270 verbose write writing to C:\project\elearn\node_modules\bcrypt\node_modules\bindings\package.json
271 info preinstall bindings@1.2.1
272 silly gunzTarPerm extractEntry doc/methods.md
273 silly gunzTarPerm modified mode [ 'doc/methods.md', 436, 438 ]
274 silly gunzTarPerm extractEntry doc/new.md
275 silly gunzTarPerm modified mode [ 'doc/new.md', 436, 438 ]
276 verbose readDependencies loading dependencies from C:\project\elearn\node_modules\bcrypt\node_modules\bindings\package.json
277 silly gunzTarPerm extractEntry doc/buffers.md
278 silly gunzTarPerm modified mode [ 'doc/buffers.md', 436, 438 ]
279 silly gunzTarPerm extractEntry doc/object_wrappers.md
280 silly gunzTarPerm modified mode [ 'doc/object_wrappers.md', 436, 438 ]
281 verbose readDependencies loading dependencies from C:\project\elearn\node_modules\bcrypt\node_modules\bindings\package.json
282 silly install resolved []
283 verbose about to build C:\project\elearn\node_modules\bcrypt\node_modules\bindings
284 info build C:\project\elearn\node_modules\bcrypt\node_modules\bindings
285 silly gunzTarPerm extractEntry doc/persistent.md
286 silly gunzTarPerm modified mode [ 'doc/persistent.md', 436, 438 ]
287 silly gunzTarPerm extractEntry doc/scopes.md
288 silly gunzTarPerm modified mode [ 'doc/scopes.md', 436, 438 ]
289 info linkStuff bindings@1.2.1
290 silly linkStuff bindings@1.2.1 has C:\project\elearn\node_modules\bcrypt\node_modules as its parent node_modules
291 verbose linkBins bindings@1.2.1
292 verbose linkMans bindings@1.2.1
293 verbose rebuildBundles bindings@1.2.1
294 info install bindings@1.2.1
295 info postinstall bindings@1.2.1
296 verbose unlock done using C:\Users\shashank\AppData\Roaming\npm-cache\_locks\bindings-0441e587a5479736.lock for C:\project\elearn\node_modules\bcrypt\node_modules\bindings
297 silly gunzTarPerm extractEntry doc/script.md
298 silly gunzTarPerm modified mode [ 'doc/script.md', 436, 438 ]
299 silly gunzTarPerm extractEntry doc/string_bytes.md
300 silly gunzTarPerm modified mode [ 'doc/string_bytes.md', 436, 438 ]
301 silly gunzTarPerm extractEntry doc/v8_internals.md
302 silly gunzTarPerm modified mode [ 'doc/v8_internals.md', 436, 438 ]
303 silly gunzTarPerm extractEntry doc/v8_misc.md
304 silly gunzTarPerm modified mode [ 'doc/v8_misc.md', 436, 438 ]
305 silly gunzTarPerm extractEntry nan.h
306 silly gunzTarPerm modified mode [ 'nan.h', 436, 438 ]
307 silly gunzTarPerm extractEntry nan_callbacks.h
308 silly gunzTarPerm modified mode [ 'nan_callbacks.h', 436, 438 ]
309 silly gunzTarPerm extractEntry nan_callbacks_12_inl.h
310 silly gunzTarPerm modified mode [ 'nan_callbacks_12_inl.h', 436, 438 ]
311 silly gunzTarPerm extractEntry nan_callbacks_pre_12_inl.h
312 silly gunzTarPerm modified mode [ 'nan_callbacks_pre_12_inl.h', 436, 438 ]
313 silly gunzTarPerm extractEntry nan_converters_43_inl.h
314 silly gunzTarPerm modified mode [ 'nan_converters_43_inl.h', 436, 438 ]
315 silly gunzTarPerm extractEntry nan_converters_pre_43_inl.h
316 silly gunzTarPerm modified mode [ 'nan_converters_pre_43_inl.h', 436, 438 ]
317 silly gunzTarPerm extractEntry nan_implementation_12_inl.h
318 silly gunzTarPerm modified mode [ 'nan_implementation_12_inl.h', 436, 438 ]
319 silly gunzTarPerm extractEntry nan_implementation_pre_12_inl.h
320 silly gunzTarPerm modified mode [ 'nan_implementation_pre_12_inl.h', 436, 438 ]
321 silly gunzTarPerm extractEntry nan_maybe_43_inl.h
322 silly gunzTarPerm modified mode [ 'nan_maybe_43_inl.h', 436, 438 ]
323 silly gunzTarPerm extractEntry nan_maybe_pre_43_inl.h
324 silly gunzTarPerm modified mode [ 'nan_maybe_pre_43_inl.h', 436, 438 ]
325 silly gunzTarPerm extractEntry nan_new.h
326 silly gunzTarPerm modified mode [ 'nan_new.h', 436, 438 ]
327 silly gunzTarPerm extractEntry nan_object_wrap.h
328 silly gunzTarPerm modified mode [ 'nan_object_wrap.h', 436, 438 ]
329 silly gunzTarPerm extractEntry nan_persistent_12_inl.h
330 silly gunzTarPerm modified mode [ 'nan_persistent_12_inl.h', 436, 438 ]
331 silly gunzTarPerm extractEntry nan_persistent_pre_12_inl.h
332 silly gunzTarPerm modified mode [ 'nan_persistent_pre_12_inl.h', 436, 438 ]
333 silly gunzTarPerm extractEntry nan_string_bytes.h
334 silly gunzTarPerm modified mode [ 'nan_string_bytes.h', 436, 438 ]
335 silly gunzTarPerm extractEntry nan_typedarray_contents.h
336 silly gunzTarPerm modified mode [ 'nan_typedarray_contents.h', 436, 438 ]
337 silly gunzTarPerm extractEntry nan_weak.h
338 silly gunzTarPerm modified mode [ 'nan_weak.h', 436, 438 ]
339 silly gunzTarPerm extractEntry CHANGELOG.md
340 silly gunzTarPerm modified mode [ 'CHANGELOG.md', 436, 438 ]
341 silly gunzTarPerm extractEntry tools/package.json
342 silly gunzTarPerm modified mode [ 'tools/package.json', 436, 438 ]
343 silly gunzTarPerm extractEntry tools/README.md
344 silly gunzTarPerm modified mode [ 'tools/README.md', 436, 438 ]
345 silly gunzTarPerm extractEntry tools/1to2.js
346 silly gunzTarPerm modified mode [ 'tools/1to2.js', 509, 511 ]
347 verbose write writing to C:\project\elearn\node_modules\bcrypt\node_modules\nan\package.json
348 info preinstall nan@2.3.5
349 verbose readDependencies loading dependencies from C:\project\elearn\node_modules\bcrypt\node_modules\nan\package.json
350 verbose readDependencies loading dependencies from C:\project\elearn\node_modules\bcrypt\node_modules\nan\package.json
351 silly install resolved []
352 verbose about to build C:\project\elearn\node_modules\bcrypt\node_modules\nan
353 info build C:\project\elearn\node_modules\bcrypt\node_modules\nan
354 info linkStuff nan@2.3.5
355 silly linkStuff nan@2.3.5 has C:\project\elearn\node_modules\bcrypt\node_modules as its parent node_modules
356 verbose linkBins nan@2.3.5
357 verbose linkMans nan@2.3.5
358 verbose rebuildBundles nan@2.3.5
359 info install nan@2.3.5
360 info postinstall nan@2.3.5
361 verbose unlock done using C:\Users\shashank\AppData\Roaming\npm-cache\_locks\nan-1e0967118d31eb94.lock for C:\project\elearn\node_modules\bcrypt\node_modules\nan
362 verbose about to build C:\project\elearn\node_modules\bcrypt
363 info build C:\project\elearn\node_modules\bcrypt
364 info linkStuff bcrypt@0.8.7
365 silly linkStuff bcrypt@0.8.7 has C:\project\elearn\node_modules as its parent node_modules
366 verbose linkBins bcrypt@0.8.7
367 verbose linkMans bcrypt@0.8.7
368 verbose rebuildBundles bcrypt@0.8.7
369 verbose rebuildBundles [ 'bindings', 'nan' ]
370 info install bcrypt@0.8.7
371 verbose unsafe-perm in lifecycle true
372 info bcrypt@0.8.7 Failed to exec install script
373 info bcrypt@0.8.7 Failed to exec install script
374 verbose unlock done using C:\Users\shashank\AppData\Roaming\npm-cache\_locks\bcrypt-1c0ca19347b45c4a.lock for C:\project\elearn\node_modules\bcrypt
375 verbose stack Error: bcrypt@0.8.7 install: `node-gyp rebuild`
375 verbose stack spawn C:\Windows\system32\cmd.exe;C:\Python27 ENOENT
375 verbose stack     at exports._errnoException (util.js:870:11)
375 verbose stack     at Process.ChildProcess._handle.onexit (internal/child_process.js:178:32)
375 verbose stack     at onErrorNT (internal/child_process.js:344:16)
375 verbose stack     at nextTickCallbackWith2Args (node.js:442:9)
375 verbose stack     at process._tickCallback (node.js:356:17)
376 verbose pkgid bcrypt@0.8.7
377 verbose cwd C:\project\elearn
378 error Windows_NT 6.1.7601
379 error argv "C:\\Program Files\\nodejs\\node.exe" "C:\\Program Files\\nodejs\\node_modules\\npm\\bin\\npm-cli.js" "install" "bcrypt"
380 error node v4.4.4
381 error npm  v2.15.1
382 error file C:\Windows\system32\cmd.exe;C:\Python27
383 error path C:\Windows\system32\cmd.exe;C:\Python27
384 error code ELIFECYCLE
385 error errno ENOENT
386 error syscall spawn C:\Windows\system32\cmd.exe;C:\Python27
387 error bcrypt@0.8.7 install: `node-gyp rebuild`
387 error spawn C:\Windows\system32\cmd.exe;C:\Python27 ENOENT
388 error Failed at the bcrypt@0.8.7 install script 'node-gyp rebuild'.
388 error This is most likely a problem with the bcrypt package,
388 error not with npm itself.
388 error Tell the author that this fails on your system:
388 error     node-gyp rebuild
388 error You can get information on how to open an issue for this project with:
388 error     npm bugs bcrypt
388 error Or if that isn't available, you can get their info via:
388 error
388 error     npm owner ls bcrypt
388 error There is likely additional logging output above.
389 verbose exit [ 1, true ]
390 verbose unbuild node_modules\bcrypt
391 verbose unlock done using C:\Users\shashank\AppData\Roaming\npm-cache\_locks\bcrypt-1c0ca19347b45c4a.lock for C:\project\elearn\node_modules\bcrypt
392 info preuninstall bcrypt@0.8.7
393 info uninstall bcrypt@0.8.7
394 verbose unbuild rmStuff bcrypt@0.8.7 from C:\project\elearn\node_modules
395 info postuninstall bcrypt@0.8.7
396 silly gentlyRm C:\project\elearn\node_modules\bcrypt is being purged from base C:\project\elearn
397 verbose gentlyRm don't care about contents; nuking C:\project\elearn\node_modules\bcrypt
398 silly vacuum-fs purging C:\project\elearn\node_modules\bcrypt
399 silly vacuum-fs quitting because other entries in C:\project\elearn\node_modules
400 verbose unbuild node_modules\bcrypt
401 silly gentlyRm C:\project\elearn\node_modules\bcrypt is being purged from base C:\project\elearn
402 verbose gentlyRm don't care about contents; nuking C:\project\elearn\node_modules\bcrypt
